Image folder not found: 1.2.392.200036.9125.2.18637918990.64823980592.1228182
Image folder not found: 1.3.51.20161015131428.103211991
Fuzzy case(心肺膈未见明显异常 and PICC管): 1.3.51.20161017152650.103217007
Fuzzy case(心肺膈未见明显异常 and PICC管): 1.3.51.20161017152714.103217011
Image folder not found: 1.3.51.20161017165026.103217628
Fuzzy case(心肺膈未见明显异常 and PICC管): 1.3.12.2.1107.5.4.4.1170.30000016101807423426500000001
Image folder not found: 1.2.840.113619.2.203.4.2147483647.1476803560.240827
Image folder not found: 1.2.840.113619.2.203.4.2147483647.1476804593.477990
Image folder not found: 1.2.840.113619.2.203.4.2147483647.1476805082.617098
Image folder not found: 1.2.840.113619.2.203.4.2147483647.1476805175.278984
Image folder not found: 1.3.51.20161018084449.103218613
Image folder not found: 1.3.51.20161018084310.103218617
Image folder not found: 1.2.840.113619.2.203.4.2147483647.1476807506.20902
Image folder not found: 1.3.51.20161018090551.103218870
Image folder not found: 1.2.840.113619.2.203.4.2147483647.1476807823.267271
Image folder not found: 1.2.840.113619.2.203.4.2147483647.1476807924.898953
Image folder not found: 1.2.840.113619.2.203.4.2147483647.1476808011.81213
Image folder not found: 1.2.840.113619.2.203.4.2147483647.1476808215.229649
Image folder not found: 1.2.840.113619.2.203.4.2147483647.1476808397.194265
Image folder not found: 1.2.840.113619.2.203.4.2147483647.1476802752.625920
Image folder not found: 1.2.840.113619.2.203.4.2147483647.1476809387.930608
Image folder not found: 1.2.840.113619.2.203.4.2147483647.1476809535.885105
Image folder not found: 1.2.840.113619.2.203.4.2147483647.1476807376.625333
Image folder not found: 1.2.840.113619.2.203.4.2147483647.1476806355.885213
Image folder not found: 1.2.840.113619.2.203.4.2147483647.1476804557.879820
Image folder not found: 1.2.840.113619.2.203.4.2147483647.1476803554.163791
Image folder not found: 1.2.840.113619.2.203.4.2147483647.1476802756.922738
Image folder not found: 1.2.840.113619.2.203.4.2147483647.1476800787.907707
Image folder not found: 1.3.51.20161018140225.103220513
Image folder not found: 1.2.840.113619.2.203.4.2147483647.1476808927.634138
Image folder not found: 1.3.51.20161018150834.103221118
Image folder not found: 1.3.51.20161018152217.103221264
Image folder not found: 1.3.51.20161018144247.103220872
Image folder not found: 1.2.840.113619.2.203.4.2147483647.1476826922.932474
Image folder not found: 1.2.840.113619.2.67.2199911723.14599161018102321.20000
Image folder not found: 1.2.840.113619.2.67.2199911723.16574161018102918.20000
Image folder not found: 1.2.840.113619.2.67.2199911723.19826161018103910.20000
Image folder not found: 1.3.51.20161018105720.103220204
Image folder not found: 1.2.840.113619.2.67.2199911723.17602161018090203.20000
Image folder not found: 1.2.840.113619.2.67.2199911723.22071161018091538.20000
Image folder not found: 1.2.840.113619.2.67.2199911723.23057161018091838.20000
Image folder not found: 1.3.51.20161018091026.103218911
Image folder not found: 1.3.51.20161020161231.103228723
Image folder not found: 1.2.840.113619.2.67.2199911723.1341161018094329.20000
Image folder not found: 1.2.840.113619.2.67.2199911723.6322161018095839.20000
Image folder not found: 1.2.840.113619.2.67.2199911723.3298161018094927.20000
Image folder not found: 1.2.840.113619.2.67.2199911723.10709161018101157.20000
Image folder not found: 1.2.840.113619.2.203.4.2147483647.1476827475.413825
Image folder not found: 1.3.51.20161018143044.103220775
Image folder not found: 1.2.840.113619.2.67.2199911723.28977161018093633.20000
Image folder not found: 1.3.51.20161020082751.103226084
Image folder not found: 1.3.51.20161018164424.103221688
Image folder not found: 1.2.392.200036.9125.2.18637918990.64824574865.1228359
Image folder not found: 1.3.51.20161021171538.103231997
Image folder not found: 1.3.51.20161018173218.103221797
Image folder not found: 1.3.51.20161018173257.103221799
Image folder not found: 1.3.51.20161019151822.103224932
Image folder not found: 1.3.51.20161020111914.103227758
Image folder not found: 1.2.392.200036.9125.2.18637918990.64824687371.1228377
Image folder not found: 1.3.51.20161023173248.103233778
Image folder not found: 1.3.46.670589.30.1.6.1.963335240753.1477231490109.1
Image folder not found: 1.3.51.20161023184917.103233836
Image folder not found: 1.3.51.20161020154924.103228599
Image folder not found: 1.3.51.20161020161817.103228748
Image folder not found: 1.3.51.20161019153023.103224994
Fuzzy case(心肺膈未见明显异常 and PICC管): 1.3.51.20161019150825.103224844
Image folder not found: 1.3.51.20161019150849.103224848
Fuzzy case(心肺膈未见明显异常 and PICC管): 1.3.51.20161019150912.103224854
Image folder not found: 1.2.392.200036.9125.2.18637918990.64824424898.1228314
Image folder not found: 1.3.51.20161020155211.103228613
Image folder not found: 1.3.51.20161020173031.103228919
Image folder not found: 1.3.51.20161020085528.103226303
Image folder not found: 1.2.392.200036.9125.2.18637918990.64824340242.1228263
Image folder not found: 1.3.51.20161019145733.103224792
Image folder not found: 1.3.51.20161016133729.103213024
Image folder not found: 1.2.392.200036.9125.2.18637918990.64824083869.1228212
Image folder not found: 1.3.51.20161016175502.103213208
Image folder not found: 1.3.51.20161014081216.103208670
Image folder not found: 1.3.51.20161014160835.103210973
Image folder not found: 1.3.51.20161017140403.103216194
Image folder not found: 1.3.51.20161017142157.103216403
Image folder not found: 1.3.51.20161017140829.103216298
Image folder not found: 1.3.51.20161017093513.103214465
Image folder not found: 1.3.51.20161014101304.103209715
Image folder not found: 1.2.392.200036.9125.2.18637918990.64823927182.1228170
Image folder not found: 1.3.51.20161014215113.103211321
Image folder not found: 1.2.392.200036.9125.2.18637918990.64823927451.1228178
Image folder not found: 1.3.51.20161014215039.103211319
Image folder not found: 1.3.51.20161020153402.103228514
Fuzzy case(心肺膈未见明显异常 and PICC管): 1.3.51.20161014094433.103209441
Image folder not found: 1.3.51.20161014081208.103208637
Image folder not found: 1.3.51.20161014095731.103209584
Image folder not found: 1.2.392.200036.9125.2.18637918990.64824340408.1228272
Image folder not found: 1.3.51.20161021160455.103231731
Image folder not found: 1.3.51.20161019151856.103224941
Image folder not found: 1.3.51.20161020083538.103226132
Image folder not found: 1.2.392.200036.9125.2.18637918990.64824510870.1228322
Image folder not found: 1.3.51.20161021145718.103231348
Image folder not found: 1.2.392.200036.9125.2.18637918990.64824510747.1228318
Image folder not found: 1.3.51.20161019145748.103224795
Image folder not found: 1.2.392.200036.9125.2.18637918990.64824340610.1228281
Image folder not found: 1.3.51.20161019145721.103224789
Image folder not found: 1.2.392.200036.9125.2.18637918990.64824340774.1228290
Image folder not found: 1.3.51.20161019152428.103224977
Image folder not found: 1.3.51.20161021145656.103231345
Image folder not found: 1.2.392.200036.9125.2.18637918990.64824511078.1228326
Image folder not found: 1.3.51.20161021163607.103231856
Image folder not found: 1.2.392.200036.9125.2.18637918990.64824511194.1228330
Image folder not found: 1.3.51.20161021145841.103231358
Image folder not found: 1.2.392.200036.9125.2.18637918990.64824511311.1228334
Image folder not found: 1.3.51.20161021145643.103231343
Image folder not found: 1.2.392.200036.9125.2.18637918990.64824511406.1228338
Image folder not found: 1.3.51.20161021145853.103231360
Image folder not found: 1.2.392.200036.9125.2.18637918990.64824511801.1228342
Image folder not found: 1.3.51.20161021145917.103231364
Image folder not found: 1.2.392.200036.9125.2.18637918990.64824511910.1228351
Image folder not found: 1.3.51.20161021155558.103231707
Image folder not found: 1.2.392.200036.9125.2.18637918990.64824512015.1228355
Image folder not found: 1.3.51.20161021145931.103231366
Image folder not found: 1.3.51.20161024080712.103234061
Image folder not found: 1.3.51.20161020081901.103226038
Image folder not found: 1.3.51.20161020092942.103226700
Image folder not found: 1.2.392.200036.9125.2.18637918990.64824770069.1228437
Image folder not found: 1.3.51.20161024154911.103237757
Image folder not found: 1.2.840.113619.2.203.4.2147483647.1477345984.481049
Image folder not found: 1.3.51.20161017142415.103216400
Image folder not found: 1.3.51.20161025150538.103241610
Image folder not found: 1.2.392.200036.9125.2.18637918990.64824600878.1228365
Image folder not found: 1.3.51.20161022173246.103232910
Image folder not found: 1.2.392.200036.9125.2.18637918990.64824788470.1228441
Image folder not found: 1.3.51.20161024172111.103238300
Image folder not found: 1.2.392.200036.9125.2.18637918990.64824788587.1228445
Image folder not found: 1.3.51.20161024172127.103238302
Image folder not found: 1.3.51.20161025153342.103241820
Image folder not found: 1.2.392.200036.9125.2.18637918990.64824858270.1228469
Image folder not found: 1.3.51.20161025150652.103241643
Image folder not found: 1.2.392.200036.9125.2.18637918990.64824858384.1228473
Image folder not found: 1.3.51.20161025150704.103241645
Fuzzy case(心肺膈未见明显异常 and PICC管): 1.3.51.20161020150050.103228342
Image folder not found: 1.2.392.200036.9125.2.18637918990.64824687514.1228381
Image folder not found: 1.3.51.20161023173605.103233782
Image folder not found: 1.2.392.200036.9125.2.18637918990.64824687650.1228385
Image folder not found: 1.3.51.20161023173820.103233784
Image folder not found: 1.2.392.200036.9125.2.18637918990.64824687784.1228389
Image folder not found: 1.3.51.20161023174026.103233786
Image folder not found: 1.3.51.20161024163653.103238105
Image folder not found: 1.3.51.20161024163653.103238105
Image folder not found: 1.3.51.20161025082736.103238779
Image folder not found: 1.3.51.20161020144658.103228274
Image folder not found: 1.3.51.20161020164136.103228826
Image folder not found: 1.3.51.20161024094317.103235206
Fuzzy case(心肺膈未见明显异常 and PICC管): 1.3.51.20161021093307.103229978
Image folder not found: 1.3.51.20161021083415.103229452
Image folder not found: 1.3.51.20161026081153.103242639
Image folder not found: 1.2.392.200036.9125.2.18637918990.64823648649.1228101
Image folder not found: 1.3.51.20161011151618.103200090
Image folder not found: 1.2.392.200036.9125.2.18637918990.64823821317.1228133
Image folder not found: 1.3.51.20161013155846.103207937
Image folder not found: 1.2.392.200036.9125.2.18637918990.64823822394.1228137
Image folder not found: 1.3.51.20161013145714.103207647
Image folder not found: 1.2.392.200036.9125.2.18637918990.64823823436.1228154
Image folder not found: 1.3.51.20161013154611.103207897
Image folder not found: 1.2.392.200036.9125.2.18637918990.64823823758.1228164
Image folder not found: 1.3.51.20161013151543.103207741
Image folder not found: 1.3.51.20161013082507.103205094
Image folder not found: 1.3.51.20161013142255.103207347
Image folder not found: 1.3.51.20161014080837.103208613
Image folder not found: 1.3.51.20161014143357.103210456
Image folder not found: 1.2.392.200036.9125.2.18637918990.64823927320.1228174
Image folder not found: 1.3.51.20161014215137.103211323
Image folder not found: 1.2.392.200036.9125.2.18637918990.64823989535.1228186
Image folder not found: 1.3.51.20161015154328.103212096
Image folder not found: 1.2.392.200036.9125.2.18637918990.64823989665.1228190
Image folder not found: 1.3.51.20161015154444.103212098
Image folder not found: 1.2.392.200036.9125.2.18637918990.64823989780.1228194
Image folder not found: 1.3.51.20161015154710.103212103
Image folder not found: 1.3.51.20161015154904.103212109
Image folder not found: 1.2.392.200036.9125.2.18637918990.64824000442.1228202
Image folder not found: 1.3.51.20161015184517.103212202
Image folder not found: 1.3.51.20161016032241.103212392
Image folder not found: 1.2.392.200036.9125.2.18637918990.64824083599.1228206
Image folder not found: 1.3.51.20161016175100.103213201
Image folder not found: 1.2.392.200036.9125.2.18637918990.64824084015.1228216
Image folder not found: 1.3.51.20161016175705.103213210
Image folder not found: 1.2.392.200036.9125.2.18637918990.64824084114.1228220
Image folder not found: 1.3.51.20161016175929.103213212
Image folder not found: 1.2.392.200036.9125.2.18637918990.64824084286.1228227
Image folder not found: 1.3.51.20161017080045.103213495
Image folder not found: 1.2.392.200036.9125.2.18637918990.64823989890.1228198
Image folder not found: 1.3.51.20161017075421.103213459
Image folder not found: 1.3.51.20161016180119.103213214
Image folder not found: 1.3.51.20161017084412.103213853
Image folder not found: 1.2.392.200036.9125.2.18637918990.64824164574.1228231
Image folder not found: 1.3.51.20161017152610.103217019
Image folder not found: 1.2.392.200036.9125.2.18637918990.64824164691.1228235
Image folder not found: 1.3.51.20161017152625.103217021
Image folder not found: 1.2.392.200036.9125.2.18637918990.64824175252.1228239
Image folder not found: 1.3.51.20161017151523.103216886
Image folder not found: 1.3.51.20161017151537.103216891
Image folder not found: 1.3.51.20161018084237.103218601
Image folder not found: 1.2.840.113619.2.203.4.2147483647.1476806781.292445
Image folder not found: 1.2.840.113619.2.203.4.2147483647.1476807144.379718
Image folder not found: 1.3.12.2.1107.5.4.4.1170.30000016101807435164000000132
Image folder not found: 1.2.840.113619.2.203.4.2147483647.1476807621.530526
Image folder not found: 1.2.840.113619.2.67.2199911723.15300161018102624.20000
Image folder not found: 1.2.840.113619.2.203.4.2147483647.1476808830.894743
Image folder not found: 1.2.392.200036.9125.2.18637918990.64824175365.1228243
Image folder not found: 1.2.840.113619.2.203.4.2147483647.1476809145.739519
Image folder not found: 1.2.840.113619.2.203.4.2147483647.1476809632.76215
Image folder not found: 1.2.840.113619.2.203.4.2147483647.1476806943.285734
Image folder not found: 1.2.840.113619.2.203.4.2147483647.1476808918.245844
Image folder not found: 1.2.840.113619.2.203.4.2147483647.1476804858.211386
Image folder not found: 1.3.51.20161018084811.103218700
Image folder not found: 1.2.840.113619.2.203.4.2147483647.1476804246.763622
Image folder not found: 1.2.840.113619.2.203.4.2147483647.1476803325.716364
Image folder not found: 1.2.840.113619.2.203.4.2147483647.1476803203.537310
Image folder not found: 1.2.840.113619.2.203.4.2147483647.1476802913.152850
Image folder not found: 1.2.840.113619.2.203.4.2147483647.1476802589.300033
Image folder not found: 1.2.840.113619.2.203.4.2147483647.1476801828.632078
Image folder not found: 1.2.840.113619.2.203.4.2147483647.1476800345.183987
Image folder not found: 1.2.840.113619.2.203.4.2147483647.1476800637.276078
Image folder not found: 1.2.840.113619.2.203.4.2147483647.1476799755.696587
Image folder not found: 1.3.51.20161018140054.103220530
Image folder not found: 1.3.51.20161018140417.103220572
Image folder not found: 1.3.51.20161018141759.103220685
Image folder not found: 1.3.51.20161018141919.103220693
Image folder not found: 1.2.840.113619.2.203.4.2147483647.1476803440.141671
Image folder not found: 1.3.51.20161018100735.103219676
Image folder not found: 1.2.392.200036.9125.2.18637918990.64824250727.1228247
Image folder not found: 1.3.51.20161018153230.103221329
Image folder not found: 1.2.392.200036.9125.2.18637918990.64824250896.1228251
Image folder not found: 1.3.51.20161018153213.103221326
Image folder not found: 1.2.392.200036.9125.2.18637918990.64824251013.1228255
Image folder not found: 1.3.51.20161018153134.103221314
Image folder not found: 1.2.392.200036.9125.2.18637918990.64824251149.1228259
Image folder not found: 1.2.840.113619.2.67.2199911723.12051161018101538.20000
Image folder not found: 1.2.840.113619.2.67.2199911723.23656161018092026.20000
Image folder not found: 1.2.840.113619.2.67.2199911723.24574161018092310.20000
Image folder not found: 1.2.840.113619.2.203.4.2147483647.1476827330.412270
Image folder not found: 1.2.840.113619.2.203.4.2147483647.1476828085.797219
Image folder not found: 1.2.840.113619.2.203.4.2147483647.1476828951.263904
Image folder not found: 1.3.51.20161018153148.103221319
Image folder not found: 1.3.51.20161019081208.103222144
Image folder not found: 1.3.51.20161011170410.103200722
Image folder not found: 1.3.51.20161011233106.103201018
Image folder not found: 1.2.392.200036.9125.2.18637918990.64823648788.1228105
Image folder not found: 1.3.51.20161025100254.103239992
Image folder not found: 1.3.51.20161025150218.103241591
Image folder not found: 1.3.51.20161026105714.103244367
Image folder not found: 1.3.51.20161024112615.103236494
Image folder not found: 1.3.51.20161026154528.103245516
Image folder not found: 1.3.51.20161014083011.103208764
Image folder not found: 1.3.51.20161014083011.103208764
Fuzzy case(心肺膈未见明显异常 and PICC管): 1.3.51.20161025153011.103241794
Image folder not found: 1.3.51.20161025143431.103241349
Image folder not found: 1.3.51.20161012102752.103202705
Image folder not found: 1.2.392.200036.9125.2.18637918990.64823734341.1228109
Image folder not found: 1.3.51.20161012145322.103203811
Image folder not found: 1.2.392.200036.9125.2.18637918990.64823734738.1228117
Image folder not found: 1.3.51.20161012145139.103203792
Image folder not found: 1.2.392.200036.9125.2.18637918990.64823734848.1228121
Image folder not found: 1.3.51.20161012145154.103203794
Image folder not found: 1.3.51.20161025164614.103242215
Image folder not found: 1.3.51.20161025164851.103242232
Image folder not found: 1.3.51.20161025150446.103241601
number of total samples in records.csv: 1953
number of male samples: 853
number of female samples: 835
number of positive samples: 528
number of negative samples: 1160
